<?xml version="1.0" encoding="UTF-8"?>
<testsuite xmlns:xsi="http://www.w3.org/2001/XMLSchema-instance" xsi:noNamespaceSchemaLocation="https://maven.apache.org/surefire/maven-surefire-plugin/xsd/surefire-test-report-3.0.xsd" version="3.0" name="Server.PitTest" time="0.006" tests="5" errors="0" skipped="0" failures="0">
  <properties>
[...]
</properties>
  <testcase name="testGetSize" classname="Server.PitTest" time="0"/>
  <testcase name="testBlocksPositionFalse" classname="Server.PitTest" time="0"/>
  <testcase name="testBlocksPositionTrue" classname="Server.PitTest" time="0.001"/>
  <testcase name="testGetBottomLeftX" classname="Server.PitTest" time="0.001"/>
  <testcase name="testGetBottomLeftY" classname="Server.PitTest" time="0.001"/>
</testsuite>